app/build/outputs/logs/manifest-merger-release-report.txt
-- Merging decision tree log ---
manifest
ADDED from src\main\AndroidManifest.xml:1:1-56:12
	package
		ADDED from src\main\AndroidManifest.xml:5:5-49
		INJECTED from src\main\AndroidManifest.xml
		INJECTED from src\main\AndroidManifest.xml
	android:versionName
		ADDED from src\main\AndroidManifest.xml:4:5-31
		INJECTED from src\main\AndroidManifest.xml
		INJECTED from src\main\AndroidManifest.xml
	android:versionCode
		ADDED from src\main\AndroidManifest.xml:3:5-30
		INJECTED from src\main\AndroidManifest.xml
		INJECTED from src\main\AndroidManifest.xml
	xmlns:android
		ADDED from src\main\AndroidManifest.xml:1:11-69
	android:installLocation
		ADDED from src\main\AndroidManifest.xml:2:5-45
supports-screens
ADDED from src\main\AndroidManifest.xml:8:3-13:9
	android:largeScreens
		ADDED from src\main\AndroidManifest.xml:10:7-34
	android:smallScreens
		ADDED from src\main\AndroidManifest.xml:12:7-34
	android:normalScreens
		ADDED from src\main\AndroidManifest.xml:11:7-35
	android:anyDensity
		ADDED from src\main\AndroidManifest.xml:9:7-32
application
ADDED from src\main\AndroidManifest.xml:14:3-51:17
	android:label
		ADDED from src\main\AndroidManifest.xml:16:7-39
	android:icon
		ADDED from src\main\AndroidManifest.xml:15:7-36
activity#com.alarmclocksnoozers.runnershigh.main
ADDED from src\main\AndroidManifest.xml:18:5-24:16
	android:screenOrientation
		ADDED from src\main\AndroidManifest.xml:21:9-46
	android:label
		ADDED from src\main\AndroidManifest.xml:20:9-41
	android:theme
		ADDED from src\main\AndroidManifest.xml:22:9-67
	android:name
		ADDED from src\main\AndroidManifest.xml:19:9-29
activity#com.alarmclocksnoozers.runnershigh.HighScoreActivity
ADDED from src\main\AndroidManifest.xml:26:5-30:11
	android:screenOrientation
		ADDED from src\main\AndroidManifest.xml:28:9-46
	android:theme
		ADDED from src\main\AndroidManifest.xml:29:9-67
	android:name
		ADDED from src\main\AndroidManifest.xml:27:9-42
activity#com.alarmclocksnoozers.runnershigh.Menu
ADDED from src\main\AndroidManifest.xml:31:5-40:16
	android:screenOrientation
		ADDED from src\main\AndroidManifest.xml:33:9-46
	android:theme
		ADDED from src\main\AndroidManifest.xml:34:9-67
	android:name
		ADDED from src\main\AndroidManifest.xml:32:9-29
intent-filter#android.intent.action.MAIN+android.intent.category.LAUNCHER
ADDED from src\main\AndroidManifest.xml:36:7-39:23
action#android.intent.action.MAIN
ADDED from src\main\AndroidManifest.xml:37:9-60
	android:name
		ADDED from src\main\AndroidManifest.xml:37:17-58
category#android.intent.category.LAUNCHER
ADDED from src\main\AndroidManifest.xml:38:9-68
	android:name
		ADDED from src\main\AndroidManifest.xml:38:19-66
activity#com.alarmclocksnoozers.runnershigh.HighScoreForm
ADDED from src\main\AndroidManifest.xml:41:5-45:21
	android:screenOrientation
		ADDED from src\main\AndroidManifest.xml:43:9-46
	android:theme
		ADDED from src\main\AndroidManifest.xml:44:9-67
	android:name
		ADDED from src\main\AndroidManifest.xml:42:9-38
activity#com.alarmclocksnoozers.runnershigh.Info
ADDED from src\main\AndroidManifest.xml:46:5-50:21
	android:screenOrientation
		ADDED from src\main\AndroidManifest.xml:48:9-46
	android:theme
		ADDED from src\main\AndroidManifest.xml:49:9-67
	android:name
		ADDED from src\main\AndroidManifest.xml:47:9-29
uses-permission#android.permission.WAKE_LOCK
ADDED from src\main\AndroidManifest.xml:53:3-65
	android:name
		ADDED from src\main\AndroidManifest.xml:53:20-63
uses-permission#android.permission.INTERNET
ADDED from src\main\AndroidManifest.xml:54:3-64
	android:name
		ADDED from src\main\AndroidManifest.xml:54:20-62
uses-permission#android.permission.ACCESS_NETWORK_STATE
ADDED from src\main\AndroidManifest.xml:55:3-76
	android:name
		ADDED from src\main\AndroidManifest.xml:55:20-74
uses-sdk
INJECTED from src\main\AndroidManifest.xml reason: use-sdk injection requested
	android:targetSdkVersion
		INJECTED from src\main\AndroidManifest.xml
		INJECTED from src\main\AndroidManifest.xml
	android:minSdkVersion
		INJECTED from src\main\AndroidManifest.xml
		INJECTED from src\main\AndroidManifest.xml